{
"contracts/AlohaSale.sol":{"l":{"45":4,"46":4,"47":4,"48":4,"56":0,"64":8,"68":77,"69":75,"78":6,"79":2,"80":2,"81":2,"82":2,"91":75,"93":75,"95":1,"96":1,"97":1,"98":1,"99":1,"103":75,"107":75,"109":75,"112":75,"115":75,"118":75,"126":1,"139":0,"140":0,"150":0,"158":0,"159":0,"161":0,"162":0,"164":0,"169":0,"170":0,"171":0,"173":0,"187":4,"188":4,"189":4,"191":4,"192":4,"193":4,"194":4,"202":0,"210":8,"222":83,"235":27,"242":75,"243":75,"247":10,"248":6,"252":89,"253":89,"257":4,"258":4,"262":75,"263":75},"path":"/Users/nytyr/Workspace/solidity/aloha-sale/contracts/AlohaSale.sol","s":{"1":4,"2":4,"3":4,"4":4,"5":0,"6":8,"7":6,"8":2,"9":2,"10":2,"11":2,"12":75,"13":75,"14":1,"15":1,"16":1,"17":1,"18":1,"19":75,"20":75,"21":75,"22":75,"23":75,"24":75,"25":1,"26":0,"27":0,"28":0,"29":0,"30":0,"31":0,"32":0,"33":0,"34":0,"35":0,"36":0,"37":0,"38":4,"39":4,"40":4,"41":4,"42":4,"43":4,"44":4,"45":0,"46":8,"47":83,"48":27,"49":75,"50":10,"51":89,"52":4,"53":75},"b":{"1":[75,2],"2":[2,4],"3":[2,0],"4":[1,74],"5":[0,0],"6":[0,0],"7":[0,0],"8":[0,0],"9":[0,0],"10":[0,0],"11":[4,0],"12":[4,0],"13":[4,0],"14":[75,0],"15":[6,4],"16":[89,0],"17":[4,0],"18":[75,0]},"f":{"1":4,"2":0,"3":8,"4":6,"5":75,"6":1,"7":0,"8":0,"9":0,"10":0,"11":4,"12":0,"13":8,"14":83,"15":27,"16":75,"17":10,"18":89,"19":4,"20":75},"fnMap":{"1":{"name":"constructor","line":42,"loc":{"start":{"line":42,"column":4},"end":{"line":49,"column":4}}},"2":{"name":"getToken","line":51,"loc":{"start":{"line":51,"column":4},"end":{"line":57,"column":4}}},"3":{"name":"getClaimableTokens","line":59,"loc":{"start":{"line":59,"column":4},"end":{"line":65,"column":4}}},"4":{"name":"claim","line":76,"loc":{"start":{"line":73,"column":4},"end":{"line":83,"column":4}}},"5":{"name":"sell","line":89,"loc":{"start":{"line":85,"column":4},"end":{"line":119,"column":4}}},"6":{"name":"enableClaim","line":124,"loc":{"start":{"line":121,"column":4},"end":{"line":127,"column":4}}},"7":{"name":"withdraw","line":137,"loc":{"start":{"line":130,"column":4},"end":{"line":141,"column":4}}},"8":{"name":"burnUnsold","line":148,"loc":{"start":{"line":143,"column":4},"end":{"line":151,"column":4}}},"9":{"name":"refund","line":156,"loc":{"start":{"line":154,"column":4},"end":{"line":165,"column":4}}},"10":{"name":"stop","line":168,"loc":{"start":{"line":168,"column":2},"end":{"line":174,"column":2}}},"11":{"name":"start","line":185,"loc":{"start":{"line":177,"column":2},"end":{"line":195,"column":2}}},"12":{"name":"getTime","line":197,"loc":{"start":{"line":197,"column":2},"end":{"line":203,"column":2}}},"13":{"name":"isFailed","line":205,"loc":{"start":{"line":205,"column":2},"end":{"line":215,"column":2}}},"14":{"name":"isActive","line":217,"loc":{"start":{"line":217,"column":2},"end":{"line":228,"column":2}}},"15":{"name":"isSuccessful","line":230,"loc":{"start":{"line":230,"column":2},"end":{"line":239,"column":2}}},"16":{"name":"whenCrowdsaleAlive","line":241,"loc":{"start":{"line":241,"column":2},"end":{"line":244,"column":2}}},"17":{"name":"whenCrowdsaleSuccessful","line":246,"loc":{"start":{"line":246,"column":2},"end":{"line":249,"column":2}}},"18":{"name":"hasntStopped","line":251,"loc":{"start":{"line":251,"column":2},"end":{"line":254,"column":2}}},"19":{"name":"hasntStarted","line":256,"loc":{"start":{"line":256,"column":2},"end":{"line":259,"column":2}}},"20":{"name":"hasBeenStarted","line":261,"loc":{"start":{"line":261,"column":2},"end":{"line":264,"column":2}}}},"statementMap":{"1":{"start":{"line":45,"column":8},"end":{"line":45,"column":42}},"2":{"start":{"line":46,"column":8},"end":{"line":46,"column":39}},"3":{"start":{"line":47,"column":8},"end":{"line":47,"column":32}},"4":{"start":{"line":48,"column":8},"end":{"line":48,"column":30}},"5":{"start":{"line":56,"column":8},"end":{"line":56,"column":38}},"6":{"start":{"line":64,"column":6},"end":{"line":64,"column":36}},"7":{"start":{"line":78,"column":8},"end":{"line":78,"column":109}},"8":{"start":{"line":79,"column":8},"end":{"line":79,"column":52}},"9":{"start":{"line":80,"column":8},"end":{"line":80,"column":38}},"10":{"start":{"line":81,"column":8},"end":{"line":81,"column":80}},"11":{"start":{"line":82,"column":8},"end":{"line":82,"column":21}},"12":{"start":{"line":91,"column":8},"end":{"line":91,"column":62}},"13":{"start":{"line":93,"column":8},"end":{"line":93,"column":2517}},"14":{"start":{"line":95,"column":12},"end":{"line":95,"column":59}},"15":{"start":{"line":96,"column":12},"end":{"line":96,"column":45}},"16":{"start":{"line":97,"column":12},"end":{"line":97,"column":38}},"17":{"start":{"line":98,"column":12},"end":{"line":98,"column":24}},"18":{"start":{"line":99,"column":12},"end":{"line":99,"column":57}},"19":{"start":{"line":103,"column":8},"end":{"line":103,"column":76}},"20":{"start":{"line":107,"column":8},"end":{"line":107,"column":80}},"21":{"start":{"line":109,"column":8},"end":{"line":109,"column":54}},"22":{"start":{"line":112,"column":8},"end":{"line":112,"column":70}},"23":{"start":{"line":115,"column":8},"end":{"line":115,"column":50}},"24":{"start":{"line":118,"column":8},"end":{"line":118,"column":44}},"25":{"start":{"line":126,"column":8},"end":{"line":126,"column":26}},"26":{"start":{"line":139,"column":8},"end":{"line":139,"column":68}},"27":{"start":{"line":140,"column":8},"end":{"line":140,"column":39}},"28":{"start":{"line":150,"column":8},"end":{"line":150,"column":67}},"29":{"start":{"line":158,"column":8},"end":{"line":158,"column":64}},"30":{"start":{"line":159,"column":8},"end":{"line":159,"column":49}},"31":{"start":{"line":161,"column":8},"end":{"line":161,"column":39}},"32":{"start":{"line":162,"column":8},"end":{"line":162,"column":35}},"33":{"start":{"line":164,"column":8},"end":{"line":164,"column":34}},"34":{"start":{"line":169,"column":4},"end":{"line":169,"column":4524}},"35":{"start":{"line":170,"column":6},"end":{"line":170,"column":25}},"36":{"start":{"line":171,"column":6},"end":{"line":171,"column":29}},"37":{"start":{"line":173,"column":4},"end":{"line":173,"column":17}},"38":{"start":{"line":187,"column":4},"end":{"line":187,"column":41}},"39":{"start":{"line":188,"column":4},"end":{"line":188,"column":43}},"40":{"start":{"line":189,"column":4},"end":{"line":189,"column":146}},"41":{"start":{"line":191,"column":4},"end":{"line":191,"column":35}},"42":{"start":{"line":192,"column":4},"end":{"line":192,"column":31}},"43":{"start":{"line":193,"column":4},"end":{"line":193,"column":35}},"44":{"start":{"line":194,"column":4},"end":{"line":194,"column":17}},"45":{"start":{"line":202,"column":4},"end":{"line":202,"column":26}},"46":{"start":{"line":210,"column":4},"end":{"line":210,"column":5430}},"47":{"start":{"line":222,"column":4},"end":{"line":222,"column":5612}},"48":{"start":{"line":235,"column":4},"end":{"line":235,"column":5836}},"49":{"start":{"line":242,"column":4},"end":{"line":242,"column":22}},"50":{"start":{"line":247,"column":4},"end":{"line":247,"column":26}},"51":{"start":{"line":252,"column":4},"end":{"line":252,"column":20}},"52":{"start":{"line":257,"column":4},"end":{"line":257,"column":20}},"53":{"start":{"line":262,"column":4},"end":{"line":262,"column":19}}},"branchMap":{"1":{"line":68,"type":"if","locations":[{"start":{"line":68,"column":8},"end":{"line":68,"column":8}},{"start":{"line":68,"column":8},"end":{"line":68,"column":8}}]},"2":{"line":78,"type":"if","locations":[{"start":{"line":78,"column":8},"end":{"line":78,"column":8}},{"start":{"line":78,"column":8},"end":{"line":78,"column":8}}]},"3":{"line":81,"type":"if","locations":[{"start":{"line":81,"column":8},"end":{"line":81,"column":8}},{"start":{"line":81,"column":8},"end":{"line":81,"column":8}}]},"4":{"line":93,"type":"if","locations":[{"start":{"line":93,"column":8},"end":{"line":93,"column":8}},{"start":{"line":93,"column":8},"end":{"line":93,"column":8}}]},"5":{"line":139,"type":"if","locations":[{"start":{"line":139,"column":8},"end":{"line":139,"column":8}},{"start":{"line":139,"column":8},"end":{"line":139,"column":8}}]},"6":{"line":158,"type":"if","locations":[{"start":{"line":158,"column":8},"end":{"line":158,"column":8}},{"start":{"line":158,"column":8},"end":{"line":158,"column":8}}]},"7":{"line":161,"type":"if","locations":[{"start":{"line":161,"column":8},"end":{"line":161,"column":8}},{"start":{"line":161,"column":8},"end":{"line":161,"column":8}}]},"8":{"line":169,"type":"if","locations":[{"start":{"line":169,"column":4},"end":{"line":169,"column":4}},{"start":{"line":169,"column":4},"end":{"line":169,"column":4}}]},"9":{"line":170,"type":"if","locations":[{"start":{"line":170,"column":6},"end":{"line":170,"column":6}},{"start":{"line":170,"column":6},"end":{"line":170,"column":6}}]},"10":{"line":171,"type":"if","locations":[{"start":{"line":171,"column":6},"end":{"line":171,"column":6}},{"start":{"line":171,"column":6},"end":{"line":171,"column":6}}]},"11":{"line":187,"type":"if","locations":[{"start":{"line":187,"column":4},"end":{"line":187,"column":4}},{"start":{"line":187,"column":4},"end":{"line":187,"column":4}}]},"12":{"line":188,"type":"if","locations":[{"start":{"line":188,"column":4},"end":{"line":188,"column":4}},{"start":{"line":188,"column":4},"end":{"line":188,"column":4}}]},"13":{"line":189,"type":"if","locations":[{"start":{"line":189,"column":4},"end":{"line":189,"column":4}},{"start":{"line":189,"column":4},"end":{"line":189,"column":4}}]},"14":{"line":242,"type":"if","locations":[{"start":{"line":242,"column":4},"end":{"line":242,"column":4}},{"start":{"line":242,"column":4},"end":{"line":242,"column":4}}]},"15":{"line":247,"type":"if","locations":[{"start":{"line":247,"column":4},"end":{"line":247,"column":4}},{"start":{"line":247,"column":4},"end":{"line":247,"column":4}}]},"16":{"line":252,"type":"if","locations":[{"start":{"line":252,"column":4},"end":{"line":252,"column":4}},{"start":{"line":252,"column":4},"end":{"line":252,"column":4}}]},"17":{"line":257,"type":"if","locations":[{"start":{"line":257,"column":4},"end":{"line":257,"column":4}},{"start":{"line":257,"column":4},"end":{"line":257,"column":4}}]},"18":{"line":262,"type":"if","locations":[{"start":{"line":262,"column":4},"end":{"line":262,"column":4}},{"start":{"line":262,"column":4},"end":{"line":262,"column":4}}]}}},
"contracts/mocks/AlohaSaleMock.sol":{"l":{"12":4,"13":4},"path":"/Users/nytyr/Workspace/solidity/aloha-sale/contracts/mocks/AlohaSaleMock.sol","s":{"1":4,"2":4},"b":{},"f":{"1":4,"2":4},"fnMap":{"1":{"name":"constructor","line":8,"loc":{"start":{"line":8,"column":4},"end":{"line":9,"column":4}}},"2":{"name":"mock_setSoftCapAndHardCap","line":11,"loc":{"start":{"line":11,"column":4},"end":{"line":14,"column":4}}}},"statementMap":{"1":{"start":{"line":12,"column":8},"end":{"line":12,"column":32}},"2":{"start":{"line":13,"column":8},"end":{"line":13,"column":28}}},"branchMap":{}},
"contracts/mocks/ERC20Demo.sol":{"l":{"8":4},"path":"/Users/nytyr/Workspace/solidity/aloha-sale/contracts/mocks/ERC20Demo.sol","s":{"1":4},"b":{},"f":{"1":4},"fnMap":{"1":{"name":"constructor","line":7,"loc":{"start":{"line":7,"column":4},"end":{"line":9,"column":4}}}},"statementMap":{"1":{"start":{"line":8,"column":8},"end":{"line":8,"column":53}}},"branchMap":{}}}
