TN:
SF:/Users/nytyr/Workspace/solidity/aloha-sale/contracts/AlohaSale.sol
FN:42,constructor
FN:51,getToken
FN:59,getClaimableTokens
FN:76,claim
FN:89,sell
FN:124,enableClaim
FN:137,withdraw
FN:148,burnUnsold
FN:156,refund
FN:168,stop
FN:185,start
FN:197,getTime
FN:205,isFailed
FN:217,isActive
FN:230,isSuccessful
FN:241,whenCrowdsaleAlive
FN:246,whenCrowdsaleSuccessful
FN:251,hasntStopped
FN:256,hasntStarted
FN:261,hasBeenStarted
FNF:20
FNH:14
FNDA:4,constructor
FNDA:0,getToken
FNDA:8,getClaimableTokens
FNDA:6,claim
FNDA:75,sell
FNDA:1,enableClaim
FNDA:0,withdraw
FNDA:0,burnUnsold
FNDA:0,refund
FNDA:0,stop
FNDA:4,start
FNDA:0,getTime
FNDA:8,isFailed
FNDA:83,isActive
FNDA:27,isSuccessful
FNDA:75,whenCrowdsaleAlive
FNDA:10,whenCrowdsaleSuccessful
FNDA:89,hasntStopped
FNDA:4,hasntStarted
FNDA:75,hasBeenStarted
DA:45,4
DA:46,4
DA:47,4
DA:48,4
DA:56,0
DA:64,8
DA:68,77
DA:69,75
DA:78,6
DA:79,2
DA:80,2
DA:81,2
DA:82,2
DA:91,75
DA:93,75
DA:95,1
DA:96,1
DA:97,1
DA:98,1
DA:99,1
DA:103,75
DA:107,75
DA:109,75
DA:112,75
DA:115,75
DA:118,75
DA:126,1
DA:139,0
DA:140,0
DA:150,0
DA:158,0
DA:159,0
DA:161,0
DA:162,0
DA:164,0
DA:169,0
DA:170,0
DA:171,0
DA:173,0
DA:187,4
DA:188,4
DA:189,4
DA:191,4
DA:192,4
DA:193,4
DA:194,4
DA:202,0
DA:210,8
DA:222,83
DA:235,27
DA:242,75
DA:243,75
DA:247,10
DA:248,6
DA:252,89
DA:253,89
DA:257,4
DA:258,4
DA:262,75
DA:263,75
LF:60
LH:46
BRDA:68,1,0,75
BRDA:68,1,1,2
BRDA:78,2,0,2
BRDA:78,2,1,4
BRDA:81,3,0,2
BRDA:81,3,1,0
BRDA:93,4,0,1
BRDA:93,4,1,74
BRDA:139,5,0,0
BRDA:139,5,1,0
BRDA:158,6,0,0
BRDA:158,6,1,0
BRDA:161,7,0,0
BRDA:161,7,1,0
BRDA:169,8,0,0
BRDA:169,8,1,0
BRDA:170,9,0,0
BRDA:170,9,1,0
BRDA:171,10,0,0
BRDA:171,10,1,0
BRDA:187,11,0,4
BRDA:187,11,1,0
BRDA:188,12,0,4
BRDA:188,12,1,0
BRDA:189,13,0,4
BRDA:189,13,1,0
BRDA:242,14,0,75
BRDA:242,14,1,0
BRDA:247,15,0,6
BRDA:247,15,1,4
BRDA:252,16,0,89
BRDA:252,16,1,0
BRDA:257,17,0,4
BRDA:257,17,1,0
BRDA:262,18,0,75
BRDA:262,18,1,0
BRF:36
BRH:16
end_of_record
TN:
SF:/Users/nytyr/Workspace/solidity/aloha-sale/contracts/mocks/AlohaSaleMock.sol
FN:8,constructor
FN:11,mock_setSoftCapAndHardCap
FNF:2
FNH:2
FNDA:4,constructor
FNDA:4,mock_setSoftCapAndHardCap
DA:12,4
DA:13,4
LF:2
LH:2
BRF:0
BRH:0
end_of_record
TN:
SF:/Users/nytyr/Workspace/solidity/aloha-sale/contracts/mocks/ERC20Demo.sol
FN:7,constructor
FNF:1
FNH:1
FNDA:4,constructor
DA:8,4
LF:1
LH:1
BRF:0
BRH:0
end_of_record
